{"level":30,"time":1754136487304,"pid":16885,"hostname":"Volodymyrs-Air.lan","msg":"Logger is created and writing to logs/app.log"}
{"level":30,"time":1754136488512,"pid":16885,"hostname":"Volodymyrs-Air.lan","msg":"🌐 Navigating to Zoom meeting: https://zoom.us/wc/join/87087293542?pwd=FUlGzwwxZ4Cnq2FZNzzCL0qaPr6Cp0.1"}
{"level":50,"time":1754136491438,"pid":16885,"hostname":"Volodymyrs-Air.lan","msg":"Failed to join the meeting: ZoomUILabel is not defined"}
{"level":30,"time":1754136550928,"pid":17282,"hostname":"Volodymyrs-Air.lan","msg":"Logger is created and writing to logs/app.log"}
{"level":30,"time":1754136552254,"pid":17282,"hostname":"Volodymyrs-Air.lan","msg":"🌐 Navigating to Zoom meeting: https://zoom.us/wc/join/87087293542?pwd=FUlGzwwxZ4Cnq2FZNzzCL0qaPr6Cp0.1"}
{"level":50,"time":1754136590121,"pid":17282,"hostname":"Volodymyrs-Air.lan","msg":"Failed to join the meeting: waitForFunction failed: frame got detached."}
{"level":30,"time":1754136607273,"pid":17359,"hostname":"Volodymyrs-Air.lan","msg":"Logger is created and writing to logs/app.log"}
{"level":30,"time":1754136608861,"pid":17359,"hostname":"Volodymyrs-Air.lan","msg":"🌐 Navigating to Zoom meeting: https://zoom.us/wc/join/87087293542?pwd=FUlGzwwxZ4Cnq2FZNzzCL0qaPr6Cp0.1"}
{"level":50,"time":1754136645809,"pid":17359,"hostname":"Volodymyrs-Air.lan","msg":"Failed to join the meeting: Waiting failed: 30000ms exceeded"}
{"level":30,"time":1754136685196,"pid":17410,"hostname":"Volodymyrs-Air.lan","msg":"Logger is created and writing to logs/app.log"}
{"level":30,"time":1754136686248,"pid":17427,"hostname":"Volodymyrs-Air.lan","msg":"Logger is created and writing to logs/app.log"}
{"level":30,"time":1754136687402,"pid":17427,"hostname":"Volodymyrs-Air.lan","msg":"🌐 Navigating to Zoom meeting: https://zoom.us/wc/join/87087293542?pwd=FUlGzwwxZ4Cnq2FZNzzCL0qaPr6Cp0.1"}
{"level":50,"time":1754136700621,"pid":17427,"hostname":"Volodymyrs-Air.lan","msg":"Failed to join the meeting: Waiting for selector `#input-for-name` failed: Waiting failed: 10000ms exceeded"}
{"level":30,"time":1754136718978,"pid":17483,"hostname":"Volodymyrs-Air.lan","msg":"Logger is created and writing to logs/app.log"}
{"level":30,"time":1754136720300,"pid":17483,"hostname":"Volodymyrs-Air.lan","msg":"🌐 Navigating to Zoom meeting: https://zoom.us/wc/join/87087293542?pwd=FUlGzwwxZ4Cnq2FZNzzCL0qaPr6Cp0.1"}
{"level":50,"time":1754136733470,"pid":17483,"hostname":"Volodymyrs-Air.lan","msg":"Failed to join the meeting: Waiting for selector `#onetrust-accept-all-handler` failed: Waiting failed: 10000ms exceeded"}
{"level":30,"time":1754136745633,"pid":17524,"hostname":"Volodymyrs-Air.lan","msg":"Logger is created and writing to logs/app.log"}
{"level":30,"time":1754136746924,"pid":17524,"hostname":"Volodymyrs-Air.lan","msg":"🌐 Navigating to Zoom meeting: https://zoom.us/wc/join/87087293542?pwd=FUlGzwwxZ4Cnq2FZNzzCL0qaPr6Cp0.1"}
{"level":50,"time":1754136760243,"pid":17524,"hostname":"Volodymyrs-Air.lan","msg":"Failed to join the meeting: Waiting for selector `#onetrust-accept-all-handler` failed: Waiting failed: 10000ms exceeded"}
{"level":30,"time":1754136780902,"pid":17562,"hostname":"Volodymyrs-Air.lan","msg":"Logger is created and writing to logs/app.log"}
{"level":30,"time":1754136782142,"pid":17562,"hostname":"Volodymyrs-Air.lan","msg":"🌐 Navigating to Zoom meeting: https://zoom.us/wc/join/87087293542?pwd=FUlGzwwxZ4Cnq2FZNzzCL0qaPr6Cp0.1"}
{"level":50,"time":1754136798322,"pid":17562,"hostname":"Volodymyrs-Air.lan","msg":"Failed to join the meeting: Waiting for selector `button#onetrust-accept-all-handler` failed: Waiting failed: 10000ms exceeded"}
{"level":30,"time":1754136818110,"pid":17613,"hostname":"Volodymyrs-Air.lan","msg":"Logger is created and writing to logs/app.log"}
{"level":30,"time":1754136819404,"pid":17613,"hostname":"Volodymyrs-Air.lan","msg":"🌐 Navigating to Zoom meeting: https://zoom.us/wc/join/87087293542?pwd=FUlGzwwxZ4Cnq2FZNzzCL0qaPr6Cp0.1"}
{"level":50,"time":1754136832952,"pid":17613,"hostname":"Volodymyrs-Air.lan","msg":"Failed to join the meeting: Waiting for selector `button#onetrust-accept-all-handler` failed: Waiting failed: 10000ms exceeded"}
{"level":30,"time":1754136898631,"pid":17790,"hostname":"Volodymyrs-Air.lan","msg":"Logger is created and writing to logs/app.log"}
{"level":30,"time":1754136899895,"pid":17790,"hostname":"Volodymyrs-Air.lan","msg":"🌐 Navigating to Zoom meeting: https://zoom.us/wc/join/87087293542?pwd=FUlGzwwxZ4Cnq2FZNzzCL0qaPr6Cp0.1"}
{"level":50,"time":1754136905013,"pid":17790,"hostname":"Volodymyrs-Air.lan","msg":"Failed to join the meeting: Waiting for selector `button#wc_agree1` failed: Protocol error (Runtime.callFunctionOn): Target closed"}
{"level":30,"time":1754138205281,"pid":18252,"hostname":"Volodymyrs-Air.lan","msg":"Logger is created and writing to logs/app.log"}
{"level":30,"time":1754138207301,"pid":18252,"hostname":"Volodymyrs-Air.lan","msg":"🌐 Navigating to Zoom meeting: https://zoom.us/wc/join/87087293542?pwd=FUlGzwwxZ4Cnq2FZNzzCL0qaPr6Cp0.1"}
{"level":50,"time":1754138215057,"pid":18252,"hostname":"Volodymyrs-Air.lan","msg":"Failed to join the meeting: Waiting for selector `button#onetrust-accept-all-handler` failed: Protocol error (Runtime.callFunctionOn): Target closed"}
{"level":30,"time":1754138290928,"pid":18318,"hostname":"Volodymyrs-Air.lan","msg":"Logger is created and writing to logs/app.log"}
{"level":30,"time":1754138292535,"pid":18318,"hostname":"Volodymyrs-Air.lan","msg":"🌐 Navigating to Zoom meeting: https://zoom.us/wc/join/87087293542?pwd=FUlGzwwxZ4Cnq2FZNzzCL0qaPr6Cp0.1"}
{"level":50,"time":1754138295981,"pid":18318,"hostname":"Volodymyrs-Air.lan","msg":"Failed to join the meeting: Navigating frame was detached"}
{"level":30,"time":1754138336827,"pid":18356,"hostname":"Volodymyrs-Air.lan","msg":"Logger is created and writing to logs/app.log"}
{"level":30,"time":1754138338086,"pid":18356,"hostname":"Volodymyrs-Air.lan","msg":"🌐 Navigating to Zoom meeting: https://zoom.us/wc/join/87087293542?pwd=FUlGzwwxZ4Cnq2FZNzzCL0qaPr6Cp0.1"}
{"level":50,"time":1754138343250,"pid":18356,"hostname":"Volodymyrs-Air.lan","msg":"Failed to join the meeting: Waiting for selector `#input-for-name` failed: Protocol error (Runtime.callFunctionOn): Target closed"}
{"level":30,"time":1754138413654,"pid":18526,"hostname":"Volodymyrs-Air.lan","msg":"Logger is created and writing to logs/app.log"}
{"level":30,"time":1754138414928,"pid":18526,"hostname":"Volodymyrs-Air.lan","msg":"🌐 Navigating to Zoom meeting: https://zoom.us/wc/join/87087293542?pwd=FUlGzwwxZ4Cnq2FZNzzCL0qaPr6Cp0.1"}
{"level":50,"time":1754138420681,"pid":18526,"hostname":"Volodymyrs-Air.lan","msg":"Failed to join the meeting: Waiting for selector `#input-for-name` failed: Protocol error (Runtime.callFunctionOn): Target closed"}
{"level":30,"time":1754138552206,"pid":18605,"hostname":"Volodymyrs-Air.lan","msg":"Logger is created and writing to logs/app.log"}
{"level":30,"time":1754138553900,"pid":18627,"hostname":"Volodymyrs-Air.lan","msg":"Logger is created and writing to logs/app.log"}
{"level":30,"time":1754138554688,"pid":18627,"hostname":"Volodymyrs-Air.lan","msg":"🌐 Navigating to Zoom meeting: https://zoom.us/wc/join/87087293542?pwd=FUlGzwwxZ4Cnq2FZNzzCL0qaPr6Cp0.1"}
{"level":50,"time":1754138554688,"pid":18627,"hostname":"Volodymyrs-Air.lan","msg":"Failed to join the meeting: Attempted to use detached Frame '8702D9856736A8914368466628401510'."}
{"level":30,"time":1754138675257,"pid":18828,"hostname":"Volodymyrs-Air.lan","msg":"Logger is created and writing to logs/app.log"}
{"level":30,"time":1754138676627,"pid":18828,"hostname":"Volodymyrs-Air.lan","msg":"🌐 Navigating to Zoom meeting: https://zoom.us/wc/join/85421505565?pwd=0hB3tUEYHlq3YAxB639hwOPB90bZ0f.1"}
{"level":50,"time":1754138695930,"pid":18828,"hostname":"Volodymyrs-Air.lan","msg":"Failed to join the meeting: Waiting for selector `#w_` failed: Waiting failed: 10000ms exceeded"}
{"level":30,"time":1754138748771,"pid":18897,"hostname":"Volodymyrs-Air.lan","msg":"Logger is created and writing to logs/app.log"}
{"level":30,"time":1754138750398,"pid":18897,"hostname":"Volodymyrs-Air.lan","msg":"🌐 Navigating to Zoom meeting: https://zoom.us/wc/join/85421505565?pwd=0hB3tUEYHlq3YAxB639hwOPB90bZ0f.1"}
{"level":50,"time":1754138764175,"pid":18897,"hostname":"Volodymyrs-Air.lan","msg":"Failed to join the meeting: Waiting for selector `#w_` failed: Waiting failed: 10000ms exceeded"}
{"level":30,"time":1754138768353,"pid":18935,"hostname":"Volodymyrs-Air.lan","msg":"Logger is created and writing to logs/app.log"}
{"level":30,"time":1754138768922,"pid":18935,"hostname":"Volodymyrs-Air.lan","msg":"🌐 Navigating to Zoom meeting: https://zoom.us/wc/join/85421505565?pwd=0hB3tUEYHlq3YAxB639hwOPB90bZ0f.1"}
{"level":50,"time":1754138782372,"pid":18935,"hostname":"Volodymyrs-Air.lan","msg":"Failed to join the meeting: Waiting for selector `#w_` failed: Waiting failed: 10000ms exceeded"}
{"level":30,"time":1754138785041,"pid":18985,"hostname":"Volodymyrs-Air.lan","msg":"Logger is created and writing to logs/app.log"}
{"level":30,"time":1754138785718,"pid":18985,"hostname":"Volodymyrs-Air.lan","msg":"🌐 Navigating to Zoom meeting: https://zoom.us/wc/join/85421505565?pwd=0hB3tUEYHlq3YAxB639hwOPB90bZ0f.1"}
{"level":50,"time":1754138798950,"pid":18985,"hostname":"Volodymyrs-Air.lan","msg":"Failed to join the meeting: Waiting for selector `wc_agree1` failed: Waiting failed: 10000ms exceeded"}
{"level":30,"time":1754138805536,"pid":19028,"hostname":"Volodymyrs-Air.lan","msg":"Logger is created and writing to logs/app.log"}
{"level":30,"time":1754138806350,"pid":19028,"hostname":"Volodymyrs-Air.lan","msg":"🌐 Navigating to Zoom meeting: https://zoom.us/wc/join/85421505565?pwd=0hB3tUEYHlq3YAxB639hwOPB90bZ0f.1"}
{"level":50,"time":1754138809193,"pid":19028,"hostname":"Volodymyrs-Air.lan","msg":"Failed to join the meeting: ZoomUILabel is not defined"}
{"level":30,"time":1754138818980,"pid":19064,"hostname":"Volodymyrs-Air.lan","msg":"Logger is created and writing to logs/app.log"}
{"level":30,"time":1754138819894,"pid":19064,"hostname":"Volodymyrs-Air.lan","msg":"🌐 Navigating to Zoom meeting: https://zoom.us/wc/join/85421505565?pwd=0hB3tUEYHlq3YAxB639hwOPB90bZ0f.1"}
{"level":50,"time":1754138832783,"pid":19064,"hostname":"Volodymyrs-Air.lan","msg":"Failed to join the meeting: Waiting for selector `#input-for-name` failed: Waiting failed: 10000ms exceeded"}
{"level":30,"time":1754139058587,"pid":19175,"hostname":"Volodymyrs-Air.lan","msg":"Logger is created and writing to logs/app.log"}
{"level":30,"time":1754139060285,"pid":19175,"hostname":"Volodymyrs-Air.lan","msg":"🌐 Navigating to Zoom meeting: https://zoom.us/wc/join/85421505565?pwd=0hB3tUEYHlq3YAxB639hwOPB90bZ0f.1"}
{"level":50,"time":1754139073881,"pid":19175,"hostname":"Volodymyrs-Air.lan","msg":"Failed to join the meeting: Protocol error (Runtime.callFunctionOn): Target closed"}
{"level":30,"time":1754139152728,"pid":19357,"hostname":"Volodymyrs-Air.lan","msg":"Logger is created and writing to logs/app.log"}
{"level":30,"time":1754139154237,"pid":19357,"hostname":"Volodymyrs-Air.lan","msg":"🌐 Navigating to Zoom meeting: https://zoom.us/wc/join/85421505565?pwd=0hB3tUEYHlq3YAxB639hwOPB90bZ0f.1"}
{"level":50,"time":1754139160122,"pid":19357,"hostname":"Volodymyrs-Air.lan","msg":"Failed to join the meeting: ZoomUILabel is not defined"}
{"level":30,"time":1754139214174,"pid":19414,"hostname":"Volodymyrs-Air.lan","msg":"Logger is created and writing to logs/app.log"}
{"level":30,"time":1754139215749,"pid":19414,"hostname":"Volodymyrs-Air.lan","msg":"🌐 Navigating to Zoom meeting: https://zoom.us/wc/join/85421505565?pwd=0hB3tUEYHlq3YAxB639hwOPB90bZ0f.1"}
{"level":50,"time":1754139222265,"pid":19414,"hostname":"Volodymyrs-Air.lan","msg":"Failed to join the meeting: Protocol error (Runtime.callFunctionOn): Target closed"}
{"level":30,"time":1754139390421,"pid":19500,"hostname":"Volodymyrs-Air.lan","msg":"Logger is created and writing to logs/app.log"}
{"level":30,"time":1754139392380,"pid":19500,"hostname":"Volodymyrs-Air.lan","msg":"🌐 Navigating to Zoom meeting: https://zoom.us/wc/join/85421505565?pwd=0hB3tUEYHlq3YAxB639hwOPB90bZ0f.1"}
{"level":50,"time":1754139409133,"pid":19500,"hostname":"Volodymyrs-Air.lan","msg":"Failed to join the meeting: Protocol error (Runtime.callFunctionOn): Target closed"}
{"level":30,"time":1754139454898,"pid":19554,"hostname":"Volodymyrs-Air.lan","msg":"Logger is created and writing to logs/app.log"}
{"level":30,"time":1754139456281,"pid":19554,"hostname":"Volodymyrs-Air.lan","msg":"🌐 Navigating to Zoom meeting: https://zoom.us/wc/join/85421505565?pwd=0hB3tUEYHlq3YAxB639hwOPB90bZ0f.1"}
{"level":50,"time":1754139492295,"pid":19554,"hostname":"Volodymyrs-Air.lan","msg":"Failed to join the meeting: Waiting failed: 30000ms exceeded"}
{"level":30,"time":1754139518685,"pid":19602,"hostname":"Volodymyrs-Air.lan","msg":"Logger is created and writing to logs/app.log"}
{"level":30,"time":1754139520088,"pid":19602,"hostname":"Volodymyrs-Air.lan","msg":"🌐 Navigating to Zoom meeting: https://zoom.us/wc/join/85421505565?pwd=0hB3tUEYHlq3YAxB639hwOPB90bZ0f.1"}
{"level":30,"time":1754139530330,"pid":19602,"hostname":"Volodymyrs-Air.lan","msg":"Bot \"Meetlytic\" is joining the meeting..."}
{"level":30,"time":1754139540330,"pid":19602,"hostname":"Volodymyrs-Air.lan","msg":"Joined Zoom meeting successfully"}
{"level":50,"time":1754139556302,"pid":19602,"hostname":"Volodymyrs-Air.lan","msg":"Failed to get participants count: Waiting for selector `.footer-button__number-counter span` failed: Protocol error (Runtime.callFunctionOn): Target closed"}
{"level":30,"time":1754139556303,"pid":19602,"hostname":"Volodymyrs-Air.lan","msg":"Only 1 participant detected. Leaving..."}
{"level":50,"time":1754139556403,"pid":19602,"hostname":"Volodymyrs-Air.lan","msg":"Failed to click leave button: Failed to click selector \"button[aria-label='Leave']\": Waiting for selector `button[aria-label='Leave']` failed: waitForFunction failed: frame got detached."}
{"level":30,"time":1754139653613,"pid":19714,"hostname":"Volodymyrs-Air.lan","msg":"Logger is created and writing to logs/app.log"}
{"level":30,"time":1754139655605,"pid":19714,"hostname":"Volodymyrs-Air.lan","msg":"🌐 Navigating to Zoom meeting: https://zoom.us/wc/join/85421505565?pwd=0hB3tUEYHlq3YAxB639hwOPB90bZ0f.1"}
{"level":30,"time":1754139670757,"pid":19714,"hostname":"Volodymyrs-Air.lan","msg":"Bot \"Meetlytic\" is joining the meeting..."}
{"level":30,"time":1754139676473,"pid":19766,"hostname":"Volodymyrs-Air.lan","msg":"Logger is created and writing to logs/app.log"}
{"level":30,"time":1754139677440,"pid":19766,"hostname":"Volodymyrs-Air.lan","msg":"🌐 Navigating to Zoom meeting: https://zoom.us/wc/join/85421505565?pwd=0hB3tUEYHlq3YAxB639hwOPB90bZ0f.1"}
{"level":50,"time":1754139687288,"pid":19766,"hostname":"Volodymyrs-Air.lan","msg":"Failed to join the meeting: Failed to click selector \"button[aria-label='Mute']\": Attempted to use detached Frame 'F48B7BC82D01109C58EBF446D11FB46A'."}
{"level":30,"time":1754139687739,"pid":19811,"hostname":"Volodymyrs-Air.lan","msg":"Logger is created and writing to logs/app.log"}
{"level":30,"time":1754139688563,"pid":19811,"hostname":"Volodymyrs-Air.lan","msg":"🌐 Navigating to Zoom meeting: https://zoom.us/wc/join/85421505565?pwd=0hB3tUEYHlq3YAxB639hwOPB90bZ0f.1"}
{"level":30,"time":1754139698576,"pid":19811,"hostname":"Volodymyrs-Air.lan","msg":"Bot \"Meetlytic\" is joining the meeting..."}
{"level":30,"time":1754139708577,"pid":19811,"hostname":"Volodymyrs-Air.lan","msg":"Joined Zoom meeting successfully"}
{"level":50,"time":1754139723589,"pid":19811,"hostname":"Volodymyrs-Air.lan","msg":"Failed to get participants count: Attempted to use detached Frame 'F496507D4E5713A97732A84579CA9F9D'."}
{"level":30,"time":1754139723589,"pid":19811,"hostname":"Volodymyrs-Air.lan","msg":"Only 1 participant detected. Leaving..."}
{"level":50,"time":1754139723589,"pid":19811,"hostname":"Volodymyrs-Air.lan","msg":"Failed to click leave button: Failed to click selector \"button[aria-label='Leave']\": Attempted to use detached Frame 'F496507D4E5713A97732A84579CA9F9D'."}
{"level":30,"time":1754139881989,"pid":20125,"hostname":"Volodymyrs-Air.lan","msg":"Logger is created and writing to logs/app.log"}
{"level":30,"time":1754139883820,"pid":20125,"hostname":"Volodymyrs-Air.lan","msg":"🌐 Navigating to Zoom meeting: https://zoom.us/wc/join/85421505565?pwd=0hB3tUEYHlq3YAxB639hwOPB90bZ0f.1"}
{"level":30,"time":1754139895171,"pid":20125,"hostname":"Volodymyrs-Air.lan","msg":"Bot \"Meetlytic\" is joining the meeting..."}
{"level":30,"time":1754139905173,"pid":20125,"hostname":"Volodymyrs-Air.lan","msg":"Joined Zoom meeting successfully"}
{"level":50,"time":1754139920183,"pid":20125,"hostname":"Volodymyrs-Air.lan","msg":"Failed to get participants count: Attempted to use detached Frame 'C17CBBE4C39CD74E2F5B61E3CDAAC8E3'."}
{"level":30,"time":1754139920183,"pid":20125,"hostname":"Volodymyrs-Air.lan","msg":"Only 1 participant detected. Leaving..."}
{"level":50,"time":1754139920183,"pid":20125,"hostname":"Volodymyrs-Air.lan","msg":"Failed to click leave button: Failed to click selector \"button[aria-label='Leave']\": Attempted to use detached Frame 'C17CBBE4C39CD74E2F5B61E3CDAAC8E3'."}
{"level":30,"time":1754139987772,"pid":20198,"hostname":"Volodymyrs-Air.lan","msg":"Logger is created and writing to logs/app.log"}
{"level":30,"time":1754139989312,"pid":20198,"hostname":"Volodymyrs-Air.lan","msg":"🌐 Navigating to Zoom meeting: https://zoom.us/wc/join/85421505565?pwd=0hB3tUEYHlq3YAxB639hwOPB90bZ0f.1"}
{"level":30,"time":1754140134864,"pid":20485,"hostname":"Volodymyrs-Air.lan","msg":"Logger is created and writing to logs/app.log"}
{"level":30,"time":1754140136404,"pid":20485,"hostname":"Volodymyrs-Air.lan","msg":"🌐 Navigating to Zoom meeting: https://zoom.us/wc/join/85421505565?pwd=0hB3tUEYHlq3YAxB639hwOPB90bZ0f.1"}
{"level":50,"time":1754140143113,"pid":20485,"hostname":"Volodymyrs-Air.lan","msg":"Failed to join the meeting: Protocol error (DOM.describeNode): Session closed. Most likely the page has been closed."}
{"level":30,"time":1754140159403,"pid":20668,"hostname":"Volodymyrs-Air.lan","msg":"Logger is created and writing to logs/app.log"}
{"level":30,"time":1754140160858,"pid":20668,"hostname":"Volodymyrs-Air.lan","msg":"🌐 Navigating to Zoom meeting: https://zoom.us/wc/join/85421505565?pwd=0hB3tUEYHlq3YAxB639hwOPB90bZ0f.1"}
{"level":50,"time":1754140164180,"pid":20668,"hostname":"Volodymyrs-Air.lan","msg":"Failed to join the meeting: ZoomUILabel is not defined"}
{"level":30,"time":1754140182516,"pid":20705,"hostname":"Volodymyrs-Air.lan","msg":"Logger is created and writing to logs/app.log"}
{"level":30,"time":1754140183795,"pid":20705,"hostname":"Volodymyrs-Air.lan","msg":"🌐 Navigating to Zoom meeting: https://zoom.us/wc/join/85421505565?pwd=0hB3tUEYHlq3YAxB639hwOPB90bZ0f.1"}
{"level":50,"time":1754140193690,"pid":20705,"hostname":"Volodymyrs-Air.lan","msg":"Failed to join the meeting: Failed to click selector \"button[aria-label='Mute']\": Attempted to use detached Frame 'C06A325ED28A749231978FF14AA5E44C'."}
{"level":30,"time":1754140221003,"pid":20763,"hostname":"Volodymyrs-Air.lan","msg":"Logger is created and writing to logs/app.log"}
{"level":30,"time":1754140222212,"pid":20763,"hostname":"Volodymyrs-Air.lan","msg":"🌐 Navigating to Zoom meeting: https://zoom.us/wc/join/85421505565?pwd=0hB3tUEYHlq3YAxB639hwOPB90bZ0f.1"}
{"level":50,"time":1754140232173,"pid":20763,"hostname":"Volodymyrs-Air.lan","msg":"Failed to join the meeting: Failed to click selector \"button[aria-label='Mute']\": Attempted to use detached Frame '0404E82F6EA82AC49AFCB0898DB83196'."}
{"level":30,"time":1754140509079,"pid":21244,"hostname":"Volodymyrs-Air.lan","msg":"Logger is created and writing to logs/app.log"}
{"level":30,"time":1754140510951,"pid":21244,"hostname":"Volodymyrs-Air.lan","msg":"🌐 Navigating to Zoom meeting: https://zoom.us/wc/join/85421505565?pwd=0hB3tUEYHlq3YAxB639hwOPB90bZ0f.1"}
{"level":30,"time":1754140517816,"pid":21244,"hostname":"Volodymyrs-Air.lan","msg":"Bot \"Meetlytic\" is joining the meeting..."}
{"level":30,"time":1754140527817,"pid":21244,"hostname":"Volodymyrs-Air.lan","msg":"Joined Zoom meeting successfully"}
{"level":30,"time":1754140534595,"pid":21244,"hostname":"Volodymyrs-Air.lan","msg":"Only 1 participant detected. Leaving..."}
{"level":50,"time":1754140554619,"pid":21244,"hostname":"Volodymyrs-Air.lan","msg":"Failed to click leave button: Failed to click selector \"button.leave-meeting-options__btn--danger\": Waiting for selector `button.leave-meeting-options__btn--danger` failed: Waiting failed: 10000ms exceeded"}
{"level":30,"time":1754140631788,"pid":21316,"hostname":"Volodymyrs-Air.lan","msg":"Logger is created and writing to logs/app.log"}
{"level":30,"time":1754140634127,"pid":21316,"hostname":"Volodymyrs-Air.lan","msg":"🌐 Navigating to Zoom meeting: https://zoom.us/wc/join/85421505565?pwd=0hB3tUEYHlq3YAxB639hwOPB90bZ0f.1"}
{"level":30,"time":1754141404980,"pid":22849,"hostname":"Volodymyrs-Air.lan","msg":"Logger is created and writing to logs/app.log"}
{"level":30,"time":1754141406873,"pid":22849,"hostname":"Volodymyrs-Air.lan","msg":"🌐 Navigating to Zoom meeting: https://zoom.us/wc/join/85421505565?pwd=0hB3tUEYHlq3YAxB639hwOPB90bZ0f.1"}
{"level":50,"time":1754141409829,"pid":22849,"hostname":"Volodymyrs-Air.lan","msg":"Failed to join the meeting: Waiting for selector `#wc_agree1` failed: Protocol error (Runtime.callFunctionOn): Target closed"}
{"level":30,"time":1754220284504,"pid":36735,"hostname":"Volodymyrs-Air.lan","msg":"Logger is created and writing to logs/app.log"}
{"level":30,"time":1754220286302,"pid":36735,"hostname":"Volodymyrs-Air.lan","msg":"🌐 Navigating to Zoom meeting: https://zoom.us/wc/join/85365878645?pwd=AGjtXQFE5bI5zvpJbLbLnl2IkWglzD.1"}
{"level":30,"time":1754220297039,"pid":36735,"hostname":"Volodymyrs-Air.lan","msg":"Bot \"Meetlytic\" is joining the meeting..."}
{"level":30,"time":1754220307041,"pid":36735,"hostname":"Volodymyrs-Air.lan","msg":"Joined Zoom meeting successfully"}
{"level":50,"time":1754220322052,"pid":36735,"hostname":"Volodymyrs-Air.lan","msg":"Failed to get participants count: Attempted to use detached Frame 'BF29B21BB4D6366C8CE4D3A7CF4007AA'."}
{"level":30,"time":1754220322053,"pid":36735,"hostname":"Volodymyrs-Air.lan","msg":"Only 1 participant detected. Leaving..."}
{"level":50,"time":1754220322053,"pid":36735,"hostname":"Volodymyrs-Air.lan","msg":"Failed to click leave button: Failed to click selector \"button[aria-label='Leave']\": Attempted to use detached Frame 'BF29B21BB4D6366C8CE4D3A7CF4007AA'."}
{"level":30,"time":1754220342067,"pid":36821,"hostname":"Volodymyrs-Air.lan","msg":"Logger is created and writing to logs/app.log"}
{"level":30,"time":1754220343797,"pid":36821,"hostname":"Volodymyrs-Air.lan","msg":"🌐 Navigating to Zoom meeting: https://zoom.us/wc/join/85365878645?pwd=AGjtXQFE5bI5zvpJbLbLnl2IkWglzD.1"}
{"level":50,"time":1754220347159,"pid":36821,"hostname":"Volodymyrs-Air.lan","msg":"Failed to join the meeting: Navigating frame was detached"}
{"level":30,"time":1754220352770,"pid":36858,"hostname":"Volodymyrs-Air.lan","msg":"Logger is created and writing to logs/app.log"}
{"level":30,"time":1754220353563,"pid":36858,"hostname":"Volodymyrs-Air.lan","msg":"🌐 Navigating to Zoom meeting: https://zoom.us/wc/join/85365878645?pwd=AGjtXQFE5bI5zvpJbLbLnl2IkWglzD.1"}
{"level":50,"time":1754220355443,"pid":36858,"hostname":"Volodymyrs-Air.lan","msg":"Failed to join the meeting: Navigating frame was detached"}
{"level":30,"time":1754220373456,"pid":37000,"hostname":"Volodymyrs-Air.lan","msg":"Logger is created and writing to logs/app.log"}
{"level":30,"time":1754220374397,"pid":37000,"hostname":"Volodymyrs-Air.lan","msg":"🌐 Navigating to Zoom meeting: https://zoom.us/wc/join/85365878645?pwd=AGjtXQFE5bI5zvpJbLbLnl2IkWglzD.1"}
{"level":30,"time":1754220381339,"pid":37000,"hostname":"Volodymyrs-Air.lan","msg":"Bot \"Meetlytic\" is joining the meeting..."}
{"level":30,"time":1754220391340,"pid":37000,"hostname":"Volodymyrs-Air.lan","msg":"Joined Zoom meeting successfully"}
{"level":30,"time":1754220433621,"pid":37155,"hostname":"Volodymyrs-Air.lan","msg":"Logger is created and writing to logs/app.log"}
{"level":30,"time":1754220434229,"pid":37155,"hostname":"Volodymyrs-Air.lan","msg":"🌐 Navigating to Zoom meeting: https://zoom.us/wc/join/85365878645?pwd=AGjtXQFE5bI5zvpJbLbLnl2IkWglzD.1"}
{"level":30,"time":1754220440756,"pid":37155,"hostname":"Volodymyrs-Air.lan","msg":"Bot \"Meetlytic\" is joining the meeting..."}
{"level":30,"time":1754220450757,"pid":37155,"hostname":"Volodymyrs-Air.lan","msg":"Joined Zoom meeting successfully"}
